State 21 conflicts: 11 reduce/reduce
State 25 conflicts: 1 shift/reduce
State 43 conflicts: 16 reduce/reduce
State 46 conflicts: 10 shift/reduce
State 47 conflicts: 10 shift/reduce
State 49 conflicts: 1 shift/reduce
State 51 conflicts: 1 shift/reduce
State 87 conflicts: 2 shift/reduce
State 88 conflicts: 2 shift/reduce
State 89 conflicts: 10 shift/reduce
State 90 conflicts: 10 shift/reduce
State 91 conflicts: 10 shift/reduce
State 92 conflicts: 10 shift/reduce
State 93 conflicts: 10 shift/reduce
State 94 conflicts: 10 shift/reduce
State 95 conflicts: 10 shift/reduce
State 96 conflicts: 10 shift/reduce
State 97 conflicts: 10 shift/reduce
State 98 conflicts: 10 shift/reduce
State 128 conflicts: 10 shift/reduce


Grammar

    0 $accept: program $end

    1 identifierText: ID
    2               | ID DOT identifierText

    3 identifier: identifierText
    4           | SELF

    5 imports: IMPORT stringLiteral AS ID SEMICOLON
    6        | IMPORT stringLiteral AS ID SEMICOLON imports

    7 multiplyExpression: NUMBER
    8                   | identifier
    9                   | functionCall
   10                   | OPENPAREN multiplyExpression CLOSEPAREN
   11                   | multiplyExpression TIMES multiplyExpression
   12                   | multiplyExpression DIVIDE multiplyExpression

   13 expression: multiplyExpression
   14           | expression PLUS expression
   15           | expression MINUS expression
   16           | MINUS expression
   17           | booleanExpression
   18           | structInstantiation
   19           | stringLiteral
   20           | ternary
   21           | OPENPAREN expression CLOSEPAREN

   22 booleanExpression: TRUE
   23                  | FALSE
   24                  | identifier
   25                  | OPENPAREN booleanExpression CLOSEPAREN
   26                  | expression EQ expression
   27                  | expression NEQ expression
   28                  | expression LT expression
   29                  | expression GT expression
   30                  | expression LE expression
   31                  | expression GE expression
   32                  | NOT expression
   33                  | expression AND expression
   34                  | expression OR expression

   35 type: TEXT
   36     | NUMBERTOKEN
   37     | LOGICAL
   38     | VOID
   39     | identifier

   40 variableDeclaration: type ID SEMICOLON

   41 variableDefinition: type ID ASSIGN expression SEMICOLON

   42 argList: type ID
   43        | type ID COMMA argList

   44 functionDeclaration: type ID OPENPAREN CLOSEPAREN OPENCURLY body CLOSECURLY
   45                    | type ID OPENPAREN CLOSEPAREN OPENCURLY CLOSECURLY
   46                    | type ID OPENPAREN argList CLOSEPAREN OPENCURLY body CLOSECURLY
   47                    | type ID OPENPAREN argList CLOSEPAREN OPENCURLY CLOSECURLY

   48 exprList: expression
   49         | expression COMMA exprList

   50 functionCall: identifier OPENPAREN CLOSEPAREN
   51             | identifier OPENPAREN exprList CLOSEPAREN
   52             | DOLLAR identifier OPENPAREN CLOSEPAREN
   53             | DOLLAR identifier OPENPAREN exprList CLOSEPAREN

   54 variableDeclarationList: variableDeclaration
   55                        | variableDeclaration variableDeclarationList

   56 structDeclaration: STRUCT ID OPENCURLY variableDeclarationList CLOSECURLY
   57                  | STRUCT ID OPENCURLY CLOSECURLY

   58 structInstantiation: identifier OPENCURLY exprList CLOSECURLY

   59 stringLiteral: DOUBLEQUOTEDSTRING
   60              | SINGLEQUOTEDSTRING

   61 ternary: booleanExpression QUESTION expression COLON expression

   62 namespaceDeclaration: NAMESPACE identifier OPENCURLY body CLOSECURLY
   63                     | NAMESPACE identifier OPENCURLY CLOSECURLY

   64 return: RETURN SEMICOLON
   65       | RETURN expression SEMICOLON

   66 statement: variableDefinition
   67          | structDeclaration
   68          | namespaceDeclaration
   69          | expression SEMICOLON
   70          | functionDeclaration
   71          | return

   72 body: statement
   73     | statement body

   74 program: %empty
   75        | body
   76        | imports
   77        | imports body


Terminals, with rules where they appear

    $end (0) 0
    error (256)
    IMPORT <tokenText> (258) 5 6
    AS <tokenText> (259) 5 6
    NAMESPACE <tokenText> (260) 62 63
    STRUCT <tokenText> (261) 56 57
    SELF <tokenText> (262) 4
    TRUE <tokenText> (263) 22
    FALSE <tokenText> (264) 23
    TEXT <tokenText> (265) 35
    LOGICAL <tokenText> (266) 37
    NUMBERTOKEN <tokenText> (267) 36
    VOID <tokenText> (268) 38
    RETURN <tokenText> (269) 64 65
    NUMBER <tokenText> (270) 7
    SINGLEQUOTEDSTRING <tokenText> (271) 60
    DOUBLEQUOTEDSTRING <tokenText> (272) 59
    ID <tokenText> (273) 1 2 5 6 40 41 42 43 44 45 46 47 56 57
    PLUS <tokenText> (274) 14
    MINUS <tokenText> (275) 15 16
    TIMES <tokenText> (276) 11
    DIVIDE <tokenText> (277) 12
    EQ <tokenText> (278) 26
    NEQ <tokenText> (279) 27
    LT <tokenText> (280) 28
    GT <tokenText> (281) 29
    LE <tokenText> (282) 30
    GE <tokenText> (283) 31
    AND <tokenText> (284) 33
    OR <tokenText> (285) 34
    NOT <tokenText> (286) 32
    ASSIGN <tokenText> (287) 41
    COMMA <tokenText> (288) 43 49
    SEMICOLON <tokenText> (289) 5 6 40 41 64 65 69
    COLON <tokenText> (290) 61
    QUESTION <tokenText> (291) 61
    DOT <tokenText> (292) 2
    DOLLAR <tokenText> (293) 52 53
    OPENPAREN <tokenText> (294) 10 21 25 44 45 46 47 50 51 52 53
    CLOSEPAREN <tokenText> (295) 10 21 25 44 45 46 47 50 51 52 53
    OPENCURLY <tokenText> (296) 44 45 46 47 56 57 58 62 63
    CLOSECURLY <tokenText> (297) 44 45 46 47 56 57 58 62 63


Nonterminals, with rules where they appear

    $accept (43)
        on left: 0
    identifierText <identifierText> (44)
        on left: 1 2
        on right: 2 3
    identifier <identifier> (45)
        on left: 3 4
        on right: 8 24 39 50 51 52 53 58 62 63
    imports <imports> (46)
        on left: 5 6
        on right: 6 76 77
    multiplyExpression <multiplyExpression> (47)
        on left: 7 8 9 10 11 12
        on right: 10 11 12 13
    expression <expression> (48)
        on left: 13 14 15 16 17 18 19 20 21
        on right: 14 15 16 21 26 27 28 29 30 31 32 33 34 41 48 49 61 65 69
    booleanExpression <booleanExpression> (49)
        on left: 22 23 24 25 26 27 28 29 30 31 32 33 34
        on right: 17 25 61
    type <type> (50)
        on left: 35 36 37 38 39
        on right: 40 41 42 43 44 45 46 47
    variableDeclaration <variableDeclaration> (51)
        on left: 40
        on right: 54 55
    variableDefinition <variableDefinition> (52)
        on left: 41
        on right: 66
    argList <argList> (53)
        on left: 42 43
        on right: 43 46 47
    functionDeclaration <functionDeclaration> (54)
        on left: 44 45 46 47
        on right: 70
    exprList <exprList> (55)
        on left: 48 49
        on right: 49 51 53 58
    functionCall <functionCall> (56)
        on left: 50 51 52 53
        on right: 9
    variableDeclarationList <variableDeclarationList> (57)
        on left: 54 55
        on right: 55 56
    structDeclaration <structDeclaration> (58)
        on left: 56 57
        on right: 67
    structInstantiation <structInstantiation> (59)
        on left: 58
        on right: 18
    stringLiteral <stringLiteral> (60)
        on left: 59 60
        on right: 5 6 19
    ternary <ternary> (61)
        on left: 61
        on right: 20
    namespaceDeclaration <namespaceDeclaration> (62)
        on left: 62 63
        on right: 68
    return <returnStatement> (63)
        on left: 64 65
        on right: 71
    statement <statement> (64)
        on left: 66 67 68 69 70 71
        on right: 72 73
    body <body> (65)
        on left: 72 73
        on right: 44 46 62 73 75 77
    program <program> (66)
        on left: 74 75 76 77
        on right: 0


State 0

    0 $accept: . program $end

    IMPORT              shift, and go to state 1
    NAMESPACE           shift, and go to state 2
    STRUCT              shift, and go to state 3
    SELF                shift, and go to state 4
    TRUE                shift, and go to state 5
    FALSE               shift, and go to state 6
    TEXT                shift, and go to state 7
    LOGICAL             shift, and go to state 8
    NUMBERTOKEN         shift, and go to state 9
    VOID                shift, and go to state 10
    RETURN              shift, and go to state 11
    NUMBER              shift, and go to state 12
    SINGLEQUOTEDSTRING  shift, and go to state 13
    DOUBLEQUOTEDSTRING  shift, and go to state 14
    ID                  shift, and go to state 15
    MINUS               shift, and go to state 16
    NOT                 shift, and go to state 17
    DOLLAR              shift, and go to state 18
    OPENPAREN           shift, and go to state 19

    $default  reduce using rule 74 (program)

    identifierText        go to state 20
    identifier            go to state 21
    imports               go to state 22
    multiplyExpression    go to state 23
    expression            go to state 24
    booleanExpression     go to state 25
    type                  go to state 26
    variableDefinition    go to state 27
    functionDeclaration   go to state 28
    functionCall          go to state 29
    structDeclaration     go to state 30
    structInstantiation   go to state 31
    stringLiteral         go to state 32
    ternary               go to state 33
    namespaceDeclaration  go to state 34
    return                go to state 35
    statement             go to state 36
    body                  go to state 37
    program               go to state 38


State 1

    5 imports: IMPORT . stringLiteral AS ID SEMICOLON
    6        | IMPORT . stringLiteral AS ID SEMICOLON imports

    SINGLEQUOTEDSTRING  shift, and go to state 13
    DOUBLEQUOTEDSTRING  shift, and go to state 14

    stringLiteral  go to state 39


State 2

   62 namespaceDeclaration: NAMESPACE . identifier OPENCURLY body CLOSECURLY
   63                     | NAMESPACE . identifier OPENCURLY CLOSECURLY

    SELF  shift, and go to state 4
    ID    shift, and go to state 15

    identifierText  go to state 20
    identifier      go to state 40


State 3

   56 structDeclaration: STRUCT . ID OPENCURLY variableDeclarationList CLOSECURLY
   57                  | STRUCT . ID OPENCURLY CLOSECURLY

    ID  shift, and go to state 41


State 4

    4 identifier: SELF .

    $default  reduce using rule 4 (identifier)


State 5

   22 booleanExpression: TRUE .

    $default  reduce using rule 22 (booleanExpression)


State 6

   23 booleanExpression: FALSE .

    $default  reduce using rule 23 (booleanExpression)


State 7

   35 type: TEXT .

    $default  reduce using rule 35 (type)


State 8

   37 type: LOGICAL .

    $default  reduce using rule 37 (type)


State 9

   36 type: NUMBERTOKEN .

    $default  reduce using rule 36 (type)


State 10

   38 type: VOID .

    $default  reduce using rule 38 (type)


State 11

   64 return: RETURN . SEMICOLON
   65       | RETURN . expression SEMICOLON

    SELF                shift, and go to state 4
    TRUE                shift, and go to state 5
    FALSE               shift, and go to state 6
    NUMBER              shift, and go to state 12
    SINGLEQUOTEDSTRING  shift, and go to state 13
    DOUBLEQUOTEDSTRING  shift, and go to state 14
    ID                  shift, and go to state 15
    MINUS               shift, and go to state 16
    NOT                 shift, and go to state 17
    SEMICOLON           shift, and go to state 42
    DOLLAR              shift, and go to state 18
    OPENPAREN           shift, and go to state 19

    identifierText       go to state 20
    identifier           go to state 43
    multiplyExpression   go to state 23
    expression           go to state 44
    booleanExpression    go to state 25
    functionCall         go to state 29
    structInstantiation  go to state 31
    stringLiteral        go to state 32
    ternary              go to state 33


State 12

    7 multiplyExpression: NUMBER .

    $default  reduce using rule 7 (multiplyExpression)


State 13

   60 stringLiteral: SINGLEQUOTEDSTRING .

    $default  reduce using rule 60 (stringLiteral)


State 14

   59 stringLiteral: DOUBLEQUOTEDSTRING .

    $default  reduce using rule 59 (stringLiteral)


State 15

    1 identifierText: ID .
    2               | ID . DOT identifierText

    DOT  shift, and go to state 45

    $default  reduce using rule 1 (identifierText)


State 16

   16 expression: MINUS . expression

    SELF                shift, and go to state 4
    TRUE                shift, and go to state 5
    FALSE               shift, and go to state 6
    NUMBER              shift, and go to state 12
    SINGLEQUOTEDSTRING  shift, and go to state 13
    DOUBLEQUOTEDSTRING  shift, and go to state 14
    ID                  shift, and go to state 15
    MINUS               shift, and go to state 16
    NOT                 shift, and go to state 17
    DOLLAR              shift, and go to state 18
    OPENPAREN           shift, and go to state 19

    identifierText       go to state 20
    identifier           go to state 43
    multiplyExpression   go to state 23
    expression           go to state 46
    booleanExpression    go to state 25
    functionCall         go to state 29
    structInstantiation  go to state 31
    stringLiteral        go to state 32
    ternary              go to state 33


State 17

   32 booleanExpression: NOT . expression

    SELF                shift, and go to state 4
    TRUE                shift, and go to state 5
    FALSE               shift, and go to state 6
    NUMBER              shift, and go to state 12
    SINGLEQUOTEDSTRING  shift, and go to state 13
    DOUBLEQUOTEDSTRING  shift, and go to state 14
    ID                  shift, and go to state 15
    MINUS               shift, and go to state 16
    NOT                 shift, and go to state 17
    DOLLAR              shift, and go to state 18
    OPENPAREN           shift, and go to state 19

    identifierText       go to state 20
    identifier           go to state 43
    multiplyExpression   go to state 23
    expression           go to state 47
    booleanExpression    go to state 25
    functionCall         go to state 29
    structInstantiation  go to state 31
    stringLiteral        go to state 32
    ternary              go to state 33


State 18

   52 functionCall: DOLLAR . identifier OPENPAREN CLOSEPAREN
   53             | DOLLAR . identifier OPENPAREN exprList CLOSEPAREN

    SELF  shift, and go to state 4
    ID    shift, and go to state 15

    identifierText  go to state 20
    identifier      go to state 48


State 19

   10 multiplyExpression: OPENPAREN . multiplyExpression CLOSEPAREN
   21 expression: OPENPAREN . expression CLOSEPAREN
   25 booleanExpression: OPENPAREN . booleanExpression CLOSEPAREN

    SELF                shift, and go to state 4
    TRUE                shift, and go to state 5
    FALSE               shift, and go to state 6
    NUMBER              shift, and go to state 12
    SINGLEQUOTEDSTRING  shift, and go to state 13
    DOUBLEQUOTEDSTRING  shift, and go to state 14
    ID                  shift, and go to state 15
    MINUS               shift, and go to state 16
    NOT                 shift, and go to state 17
    DOLLAR              shift, and go to state 18
    OPENPAREN           shift, and go to state 19

    identifierText       go to state 20
    identifier           go to state 43
    multiplyExpression   go to state 49
    expression           go to state 50
    booleanExpression    go to state 51
    functionCall         go to state 29
    structInstantiation  go to state 31
    stringLiteral        go to state 32
    ternary              go to state 33


State 20

    3 identifier: identifierText .

    $default  reduce using rule 3 (identifier)


State 21

    8 multiplyExpression: identifier .
   24 booleanExpression: identifier .
   39 type: identifier .
   50 functionCall: identifier . OPENPAREN CLOSEPAREN
   51             | identifier . OPENPAREN exprList CLOSEPAREN
   58 structInstantiation: identifier . OPENCURLY exprList CLOSECURLY

    OPENPAREN  shift, and go to state 52
    OPENCURLY  shift, and go to state 53

    ID         reduce using rule 39 (type)
    PLUS       reduce using rule 8 (multiplyExpression)
    PLUS       [reduce using rule 24 (booleanExpression)]
    MINUS      reduce using rule 8 (multiplyExpression)
    MINUS      [reduce using rule 24 (booleanExpression)]
    EQ         reduce using rule 8 (multiplyExpression)
    EQ         [reduce using rule 24 (booleanExpression)]
    NEQ        reduce using rule 8 (multiplyExpression)
    NEQ        [reduce using rule 24 (booleanExpression)]
    LT         reduce using rule 8 (multiplyExpression)
    LT         [reduce using rule 24 (booleanExpression)]
    GT         reduce using rule 8 (multiplyExpression)
    GT         [reduce using rule 24 (booleanExpression)]
    LE         reduce using rule 8 (multiplyExpression)
    LE         [reduce using rule 24 (booleanExpression)]
    GE         reduce using rule 8 (multiplyExpression)
    GE         [reduce using rule 24 (booleanExpression)]
    AND        reduce using rule 8 (multiplyExpression)
    AND        [reduce using rule 24 (booleanExpression)]
    OR         reduce using rule 8 (multiplyExpression)
    OR         [reduce using rule 24 (booleanExpression)]
    SEMICOLON  reduce using rule 8 (multiplyExpression)
    SEMICOLON  [reduce using rule 24 (booleanExpression)]
    QUESTION   reduce using rule 24 (booleanExpression)
    $default   reduce using rule 8 (multiplyExpression)


State 22

   76 program: imports .
   77        | imports . body

    NAMESPACE           shift, and go to state 2
    STRUCT              shift, and go to state 3
    SELF                shift, and go to state 4
    TRUE                shift, and go to state 5
    FALSE               shift, and go to state 6
    TEXT                shift, and go to state 7
    LOGICAL             shift, and go to state 8
    NUMBERTOKEN         shift, and go to state 9
    VOID                shift, and go to state 10
    RETURN              shift, and go to state 11
    NUMBER              shift, and go to state 12
    SINGLEQUOTEDSTRING  shift, and go to state 13
    DOUBLEQUOTEDSTRING  shift, and go to state 14
    ID                  shift, and go to state 15
    MINUS               shift, and go to state 16
    NOT                 shift, and go to state 17
    DOLLAR              shift, and go to state 18
    OPENPAREN           shift, and go to state 19

    $default  reduce using rule 76 (program)

    identifierText        go to state 20
    identifier            go to state 21
    multiplyExpression    go to state 23
    expression            go to state 24
    booleanExpression     go to state 25
    type                  go to state 26
    variableDefinition    go to state 27
    functionDeclaration   go to state 28
    functionCall          go to state 29
    structDeclaration     go to state 30
    structInstantiation   go to state 31
    stringLiteral         go to state 32
    ternary               go to state 33
    namespaceDeclaration  go to state 34
    return                go to state 35
    statement             go to state 36
    body                  go to state 54


State 23

   11 multiplyExpression: multiplyExpression . TIMES multiplyExpression
   12                   | multiplyExpression . DIVIDE multiplyExpression
   13 expression: multiplyExpression .

    TIMES   shift, and go to state 55
    DIVIDE  shift, and go to state 56

    $default  reduce using rule 13 (expression)


State 24

   14 expression: expression . PLUS expression
   15           | expression . MINUS expression
   26 booleanExpression: expression . EQ expression
   27                  | expression . NEQ expression
   28                  | expression . LT expression
   29                  | expression . GT expression
   30                  | expression . LE expression
   31                  | expression . GE expression
   33                  | expression . AND expression
   34                  | expression . OR expression
   69 statement: expression . SEMICOLON

    PLUS       shift, and go to state 57
    MINUS      shift, and go to state 58
    EQ         shift, and go to state 59
    NEQ        shift, and go to state 60
    LT         shift, and go to state 61
    GT         shift, and go to state 62
    LE         shift, and go to state 63
    GE         shift, and go to state 64
    AND        shift, and go to state 65
    OR         shift, and go to state 66
    SEMICOLON  shift, and go to state 67


State 25

   17 expression: booleanExpression .
   61 ternary: booleanExpression . QUESTION expression COLON expression

    QUESTION  shift, and go to state 68

    QUESTION  [reduce using rule 17 (expression)]
    $default  reduce using rule 17 (expression)


State 26

   41 variableDefinition: type . ID ASSIGN expression SEMICOLON
   44 functionDeclaration: type . ID OPENPAREN CLOSEPAREN OPENCURLY body CLOSECURLY
   45                    | type . ID OPENPAREN CLOSEPAREN OPENCURLY CLOSECURLY
   46                    | type . ID OPENPAREN argList CLOSEPAREN OPENCURLY body CLOSECURLY
   47                    | type . ID OPENPAREN argList CLOSEPAREN OPENCURLY CLOSECURLY

    ID  shift, and go to state 69


State 27

   66 statement: variableDefinition .

    $default  reduce using rule 66 (statement)


State 28

   70 statement: functionDeclaration .

    $default  reduce using rule 70 (statement)


State 29

    9 multiplyExpression: functionCall .

    $default  reduce using rule 9 (multiplyExpression)


State 30

   67 statement: structDeclaration .

    $default  reduce using rule 67 (statement)


State 31

   18 expression: structInstantiation .

    $default  reduce using rule 18 (expression)


State 32

   19 expression: stringLiteral .

    $default  reduce using rule 19 (expression)


State 33

   20 expression: ternary .

    $default  reduce using rule 20 (expression)


State 34

   68 statement: namespaceDeclaration .

    $default  reduce using rule 68 (statement)


State 35

   71 statement: return .

    $default  reduce using rule 71 (statement)


State 36

   72 body: statement .
   73     | statement . body

    NAMESPACE           shift, and go to state 2
    STRUCT              shift, and go to state 3
    SELF                shift, and go to state 4
    TRUE                shift, and go to state 5
    FALSE               shift, and go to state 6
    TEXT                shift, and go to state 7
    LOGICAL             shift, and go to state 8
    NUMBERTOKEN         shift, and go to state 9
    VOID                shift, and go to state 10
    RETURN              shift, and go to state 11
    NUMBER              shift, and go to state 12
    SINGLEQUOTEDSTRING  shift, and go to state 13
    DOUBLEQUOTEDSTRING  shift, and go to state 14
    ID                  shift, and go to state 15
    MINUS               shift, and go to state 16
    NOT                 shift, and go to state 17
    DOLLAR              shift, and go to state 18
    OPENPAREN           shift, and go to state 19

    $default  reduce using rule 72 (body)

    identifierText        go to state 20
    identifier            go to state 21
    multiplyExpression    go to state 23
    expression            go to state 24
    booleanExpression     go to state 25
    type                  go to state 26
    variableDefinition    go to state 27
    functionDeclaration   go to state 28
    functionCall          go to state 29
    structDeclaration     go to state 30
    structInstantiation   go to state 31
    stringLiteral         go to state 32
    ternary               go to state 33
    namespaceDeclaration  go to state 34
    return                go to state 35
    statement             go to state 36
    body                  go to state 70


State 37

   75 program: body .

    $default  reduce using rule 75 (program)


State 38

    0 $accept: program . $end

    $end  shift, and go to state 71


State 39

    5 imports: IMPORT stringLiteral . AS ID SEMICOLON
    6        | IMPORT stringLiteral . AS ID SEMICOLON imports

    AS  shift, and go to state 72


State 40

   62 namespaceDeclaration: NAMESPACE identifier . OPENCURLY body CLOSECURLY
   63                     | NAMESPACE identifier . OPENCURLY CLOSECURLY

    OPENCURLY  shift, and go to state 73


State 41

   56 structDeclaration: STRUCT ID . OPENCURLY variableDeclarationList CLOSECURLY
   57                  | STRUCT ID . OPENCURLY CLOSECURLY

    OPENCURLY  shift, and go to state 74


State 42

   64 return: RETURN SEMICOLON .

    $default  reduce using rule 64 (return)


State 43

    8 multiplyExpression: identifier .
   24 booleanExpression: identifier .
   50 functionCall: identifier . OPENPAREN CLOSEPAREN
   51             | identifier . OPENPAREN exprList CLOSEPAREN
   58 structInstantiation: identifier . OPENCURLY exprList CLOSECURLY

    OPENPAREN  shift, and go to state 52
    OPENCURLY  shift, and go to state 53

    PLUS        reduce using rule 8 (multiplyExpression)
    PLUS        [reduce using rule 24 (booleanExpression)]
    MINUS       reduce using rule 8 (multiplyExpression)
    MINUS       [reduce using rule 24 (booleanExpression)]
    EQ          reduce using rule 8 (multiplyExpression)
    EQ          [reduce using rule 24 (booleanExpression)]
    NEQ         reduce using rule 8 (multiplyExpression)
    NEQ         [reduce using rule 24 (booleanExpression)]
    LT          reduce using rule 8 (multiplyExpression)
    LT          [reduce using rule 24 (booleanExpression)]
    GT          reduce using rule 8 (multiplyExpression)
    GT          [reduce using rule 24 (booleanExpression)]
    LE          reduce using rule 8 (multiplyExpression)
    LE          [reduce using rule 24 (booleanExpression)]
    GE          reduce using rule 8 (multiplyExpression)
    GE          [reduce using rule 24 (booleanExpression)]
    AND         reduce using rule 8 (multiplyExpression)
    AND         [reduce using rule 24 (booleanExpression)]
    OR          reduce using rule 8 (multiplyExpression)
    OR          [reduce using rule 24 (booleanExpression)]
    COMMA       reduce using rule 8 (multiplyExpression)
    COMMA       [reduce using rule 24 (booleanExpression)]
    SEMICOLON   reduce using rule 8 (multiplyExpression)
    SEMICOLON   [reduce using rule 24 (booleanExpression)]
    COLON       reduce using rule 8 (multiplyExpression)
    COLON       [reduce using rule 24 (booleanExpression)]
    QUESTION    reduce using rule 8 (multiplyExpression)
    QUESTION    [reduce using rule 24 (booleanExpression)]
    CLOSEPAREN  reduce using rule 8 (multiplyExpression)
    CLOSEPAREN  [reduce using rule 24 (booleanExpression)]
    CLOSECURLY  reduce using rule 8 (multiplyExpression)
    CLOSECURLY  [reduce using rule 24 (booleanExpression)]
    $default    reduce using rule 8 (multiplyExpression)


State 44

   14 expression: expression . PLUS expression
   15           | expression . MINUS expression
   26 booleanExpression: expression . EQ expression
   27                  | expression . NEQ expression
   28                  | expression . LT expression
   29                  | expression . GT expression
   30                  | expression . LE expression
   31                  | expression . GE expression
   33                  | expression . AND expression
   34                  | expression . OR expression
   65 return: RETURN expression . SEMICOLON

    PLUS       shift, and go to state 57
    MINUS      shift, and go to state 58
    EQ         shift, and go to state 59
    NEQ        shift, and go to state 60
    LT         shift, and go to state 61
    GT         shift, and go to state 62
    LE         shift, and go to state 63
    GE         shift, and go to state 64
    AND        shift, and go to state 65
    OR         shift, and go to state 66
    SEMICOLON  shift, and go to state 75


State 45

    2 identifierText: ID DOT . identifierText

    ID  shift, and go to state 15

    identifierText  go to state 76


State 46

   14 expression: expression . PLUS expression
   15           | expression . MINUS expression
   16           | MINUS expression .
   26 booleanExpression: expression . EQ expression
   27                  | expression . NEQ expression
   28                  | expression . LT expression
   29                  | expression . GT expression
   30                  | expression . LE expression
   31                  | expression . GE expression
   33                  | expression . AND expression
   34                  | expression . OR expression

    PLUS   shift, and go to state 57
    MINUS  shift, and go to state 58
    EQ     shift, and go to state 59
    NEQ    shift, and go to state 60
    LT     shift, and go to state 61
    GT     shift, and go to state 62
    LE     shift, and go to state 63
    GE     shift, and go to state 64
    AND    shift, and go to state 65
    OR     shift, and go to state 66

    PLUS      [reduce using rule 16 (expression)]
    MINUS     [reduce using rule 16 (expression)]
    EQ        [reduce using rule 16 (expression)]
    NEQ       [reduce using rule 16 (expression)]
    LT        [reduce using rule 16 (expression)]
    GT        [reduce using rule 16 (expression)]
    LE        [reduce using rule 16 (expression)]
    GE        [reduce using rule 16 (expression)]
    AND       [reduce using rule 16 (expression)]
    OR        [reduce using rule 16 (expression)]
    $default  reduce using rule 16 (expression)


State 47

   14 expression: expression . PLUS expression
   15           | expression . MINUS expression
   26 booleanExpression: expression . EQ expression
   27                  | expression . NEQ expression
   28                  | expression . LT expression
   29                  | expression . GT expression
   30                  | expression . LE expression
   31                  | expression . GE expression
   32                  | NOT expression .
   33                  | expression . AND expression
   34                  | expression . OR expression

    PLUS   shift, and go to state 57
    MINUS  shift, and go to state 58
    EQ     shift, and go to state 59
    NEQ    shift, and go to state 60
    LT     shift, and go to state 61
    GT     shift, and go to state 62
    LE     shift, and go to state 63
    GE     shift, and go to state 64
    AND    shift, and go to state 65
    OR     shift, and go to state 66

    PLUS      [reduce using rule 32 (booleanExpression)]
    MINUS     [reduce using rule 32 (booleanExpression)]
    EQ        [reduce using rule 32 (booleanExpression)]
    NEQ       [reduce using rule 32 (booleanExpression)]
    LT        [reduce using rule 32 (booleanExpression)]
    GT        [reduce using rule 32 (booleanExpression)]
    LE        [reduce using rule 32 (booleanExpression)]
    GE        [reduce using rule 32 (booleanExpression)]
    AND       [reduce using rule 32 (booleanExpression)]
    OR        [reduce using rule 32 (booleanExpression)]
    $default  reduce using rule 32 (booleanExpression)


State 48

   52 functionCall: DOLLAR identifier . OPENPAREN CLOSEPAREN
   53             | DOLLAR identifier . OPENPAREN exprList CLOSEPAREN

    OPENPAREN  shift, and go to state 77


State 49

   10 multiplyExpression: OPENPAREN multiplyExpression . CLOSEPAREN
   11                   | multiplyExpression . TIMES multiplyExpression
   12                   | multiplyExpression . DIVIDE multiplyExpression
   13 expression: multiplyExpression .

    TIMES       shift, and go to state 55
    DIVIDE      shift, and go to state 56
    CLOSEPAREN  shift, and go to state 78

    CLOSEPAREN  [reduce using rule 13 (expression)]
    $default    reduce using rule 13 (expression)


State 50

   14 expression: expression . PLUS expression
   15           | expression . MINUS expression
   21           | OPENPAREN expression . CLOSEPAREN
   26 booleanExpression: expression . EQ expression
   27                  | expression . NEQ expression
   28                  | expression . LT expression
   29                  | expression . GT expression
   30                  | expression . LE expression
   31                  | expression . GE expression
   33                  | expression . AND expression
   34                  | expression . OR expression

    PLUS        shift, and go to state 57
    MINUS       shift, and go to state 58
    EQ          shift, and go to state 59
    NEQ         shift, and go to state 60
    LT          shift, and go to state 61
    GT          shift, and go to state 62
    LE          shift, and go to state 63
    GE          shift, and go to state 64
    AND         shift, and go to state 65
    OR          shift, and go to state 66
    CLOSEPAREN  shift, and go to state 79


State 51

   17 expression: booleanExpression .
   25 booleanExpression: OPENPAREN booleanExpression . CLOSEPAREN
   61 ternary: booleanExpression . QUESTION expression COLON expression

    QUESTION    shift, and go to state 68
    CLOSEPAREN  shift, and go to state 80

    CLOSEPAREN  [reduce using rule 17 (expression)]
    $default    reduce using rule 17 (expression)


State 52

   50 functionCall: identifier OPENPAREN . CLOSEPAREN
   51             | identifier OPENPAREN . exprList CLOSEPAREN

    SELF                shift, and go to state 4
    TRUE                shift, and go to state 5
    FALSE               shift, and go to state 6
    NUMBER              shift, and go to state 12
    SINGLEQUOTEDSTRING  shift, and go to state 13
    DOUBLEQUOTEDSTRING  shift, and go to state 14
    ID                  shift, and go to state 15
    MINUS               shift, and go to state 16
    NOT                 shift, and go to state 17
    DOLLAR              shift, and go to state 18
    OPENPAREN           shift, and go to state 19
    CLOSEPAREN          shift, and go to state 81

    identifierText       go to state 20
    identifier           go to state 43
    multiplyExpression   go to state 23
    expression           go to state 82
    booleanExpression    go to state 25
    exprList             go to state 83
    functionCall         go to state 29
    structInstantiation  go to state 31
    stringLiteral        go to state 32
    ternary              go to state 33


State 53

   58 structInstantiation: identifier OPENCURLY . exprList CLOSECURLY

    SELF                shift, and go to state 4
    TRUE                shift, and go to state 5
    FALSE               shift, and go to state 6
    NUMBER              shift, and go to state 12
    SINGLEQUOTEDSTRING  shift, and go to state 13
    DOUBLEQUOTEDSTRING  shift, and go to state 14
    ID                  shift, and go to state 15
    MINUS               shift, and go to state 16
    NOT                 shift, and go to state 17
    DOLLAR              shift, and go to state 18
    OPENPAREN           shift, and go to state 19

    identifierText       go to state 20
    identifier           go to state 43
    multiplyExpression   go to state 23
    expression           go to state 82
    booleanExpression    go to state 25
    exprList             go to state 84
    functionCall         go to state 29
    structInstantiation  go to state 31
    stringLiteral        go to state 32
    ternary              go to state 33


State 54

   77 program: imports body .

    $default  reduce using rule 77 (program)


State 55

   11 multiplyExpression: multiplyExpression TIMES . multiplyExpression

    SELF       shift, and go to state 4
    NUMBER     shift, and go to state 12
    ID         shift, and go to state 15
    DOLLAR     shift, and go to state 18
    OPENPAREN  shift, and go to state 85

    identifierText      go to state 20
    identifier          go to state 86
    multiplyExpression  go to state 87
    functionCall        go to state 29


State 56

   12 multiplyExpression: multiplyExpression DIVIDE . multiplyExpression

    SELF       shift, and go to state 4
    NUMBER     shift, and go to state 12
    ID         shift, and go to state 15
    DOLLAR     shift, and go to state 18
    OPENPAREN  shift, and go to state 85

    identifierText      go to state 20
    identifier          go to state 86
    multiplyExpression  go to state 88
    functionCall        go to state 29


State 57

   14 expression: expression PLUS . expression

    SELF                shift, and go to state 4
    TRUE                shift, and go to state 5
    FALSE               shift, and go to state 6
    NUMBER              shift, and go to state 12
    SINGLEQUOTEDSTRING  shift, and go to state 13
    DOUBLEQUOTEDSTRING  shift, and go to state 14
    ID                  shift, and go to state 15
    MINUS               shift, and go to state 16
    NOT                 shift, and go to state 17
    DOLLAR              shift, and go to state 18
    OPENPAREN           shift, and go to state 19

    identifierText       go to state 20
    identifier           go to state 43
    multiplyExpression   go to state 23
    expression           go to state 89
    booleanExpression    go to state 25
    functionCall         go to state 29
    structInstantiation  go to state 31
    stringLiteral        go to state 32
    ternary              go to state 33


State 58

   15 expression: expression MINUS . expression

    SELF                shift, and go to state 4
    TRUE                shift, and go to state 5
    FALSE               shift, and go to state 6
    NUMBER              shift, and go to state 12
    SINGLEQUOTEDSTRING  shift, and go to state 13
    DOUBLEQUOTEDSTRING  shift, and go to state 14
    ID                  shift, and go to state 15
    MINUS               shift, and go to state 16
    NOT                 shift, and go to state 17
    DOLLAR              shift, and go to state 18
    OPENPAREN           shift, and go to state 19

    identifierText       go to state 20
    identifier           go to state 43
    multiplyExpression   go to state 23
    expression           go to state 90
    booleanExpression    go to state 25
    functionCall         go to state 29
    structInstantiation  go to state 31
    stringLiteral        go to state 32
    ternary              go to state 33


State 59

   26 booleanExpression: expression EQ . expression

    SELF                shift, and go to state 4
    TRUE                shift, and go to state 5
    FALSE               shift, and go to state 6
    NUMBER              shift, and go to state 12
    SINGLEQUOTEDSTRING  shift, and go to state 13
    DOUBLEQUOTEDSTRING  shift, and go to state 14
    ID                  shift, and go to state 15
    MINUS               shift, and go to state 16
    NOT                 shift, and go to state 17
    DOLLAR              shift, and go to state 18
    OPENPAREN           shift, and go to state 19

    identifierText       go to state 20
    identifier           go to state 43
    multiplyExpression   go to state 23
    expression           go to state 91
    booleanExpression    go to state 25
    functionCall         go to state 29
    structInstantiation  go to state 31
    stringLiteral        go to state 32
    ternary              go to state 33


State 60

   27 booleanExpression: expression NEQ . expression

    SELF                shift, and go to state 4
    TRUE                shift, and go to state 5
    FALSE               shift, and go to state 6
    NUMBER              shift, and go to state 12
    SINGLEQUOTEDSTRING  shift, and go to state 13
    DOUBLEQUOTEDSTRING  shift, and go to state 14
    ID                  shift, and go to state 15
    MINUS               shift, and go to state 16
    NOT                 shift, and go to state 17
    DOLLAR              shift, and go to state 18
    OPENPAREN           shift, and go to state 19

    identifierText       go to state 20
    identifier           go to state 43
    multiplyExpression   go to state 23
    expression           go to state 92
    booleanExpression    go to state 25
    functionCall         go to state 29
    structInstantiation  go to state 31
    stringLiteral        go to state 32
    ternary              go to state 33


State 61

   28 booleanExpression: expression LT . expression

    SELF                shift, and go to state 4
    TRUE                shift, and go to state 5
    FALSE               shift, and go to state 6
    NUMBER              shift, and go to state 12
    SINGLEQUOTEDSTRING  shift, and go to state 13
    DOUBLEQUOTEDSTRING  shift, and go to state 14
    ID                  shift, and go to state 15
    MINUS               shift, and go to state 16
    NOT                 shift, and go to state 17
    DOLLAR              shift, and go to state 18
    OPENPAREN           shift, and go to state 19

    identifierText       go to state 20
    identifier           go to state 43
    multiplyExpression   go to state 23
    expression           go to state 93
    booleanExpression    go to state 25
    functionCall         go to state 29
    structInstantiation  go to state 31
    stringLiteral        go to state 32
    ternary              go to state 33


State 62

   29 booleanExpression: expression GT . expression

    SELF                shift, and go to state 4
    TRUE                shift, and go to state 5
    FALSE               shift, and go to state 6
    NUMBER              shift, and go to state 12
    SINGLEQUOTEDSTRING  shift, and go to state 13
    DOUBLEQUOTEDSTRING  shift, and go to state 14
    ID                  shift, and go to state 15
    MINUS               shift, and go to state 16
    NOT                 shift, and go to state 17
    DOLLAR              shift, and go to state 18
    OPENPAREN           shift, and go to state 19

    identifierText       go to state 20
    identifier           go to state 43
    multiplyExpression   go to state 23
    expression           go to state 94
    booleanExpression    go to state 25
    functionCall         go to state 29
    structInstantiation  go to state 31
    stringLiteral        go to state 32
    ternary              go to state 33


State 63

   30 booleanExpression: expression LE . expression

    SELF                shift, and go to state 4
    TRUE                shift, and go to state 5
    FALSE               shift, and go to state 6
    NUMBER              shift, and go to state 12
    SINGLEQUOTEDSTRING  shift, and go to state 13
    DOUBLEQUOTEDSTRING  shift, and go to state 14
    ID                  shift, and go to state 15
    MINUS               shift, and go to state 16
    NOT                 shift, and go to state 17
    DOLLAR              shift, and go to state 18
    OPENPAREN           shift, and go to state 19

    identifierText       go to state 20
    identifier           go to state 43
    multiplyExpression   go to state 23
    expression           go to state 95
    booleanExpression    go to state 25
    functionCall         go to state 29
    structInstantiation  go to state 31
    stringLiteral        go to state 32
    ternary              go to state 33


State 64

   31 booleanExpression: expression GE . expression

    SELF                shift, and go to state 4
    TRUE                shift, and go to state 5
    FALSE               shift, and go to state 6
    NUMBER              shift, and go to state 12
    SINGLEQUOTEDSTRING  shift, and go to state 13
    DOUBLEQUOTEDSTRING  shift, and go to state 14
    ID                  shift, and go to state 15
    MINUS               shift, and go to state 16
    NOT                 shift, and go to state 17
    DOLLAR              shift, and go to state 18
    OPENPAREN           shift, and go to state 19

    identifierText       go to state 20
    identifier           go to state 43
    multiplyExpression   go to state 23
    expression           go to state 96
    booleanExpression    go to state 25
    functionCall         go to state 29
    structInstantiation  go to state 31
    stringLiteral        go to state 32
    ternary              go to state 33


State 65

   33 booleanExpression: expression AND . expression

    SELF                shift, and go to state 4
    TRUE                shift, and go to state 5
    FALSE               shift, and go to state 6
    NUMBER              shift, and go to state 12
    SINGLEQUOTEDSTRING  shift, and go to state 13
    DOUBLEQUOTEDSTRING  shift, and go to state 14
    ID                  shift, and go to state 15
    MINUS               shift, and go to state 16
    NOT                 shift, and go to state 17
    DOLLAR              shift, and go to state 18
    OPENPAREN           shift, and go to state 19

    identifierText       go to state 20
    identifier           go to state 43
    multiplyExpression   go to state 23
    expression           go to state 97
    booleanExpression    go to state 25
    functionCall         go to state 29
    structInstantiation  go to state 31
    stringLiteral        go to state 32
    ternary              go to state 33


State 66

   34 booleanExpression: expression OR . expression

    SELF                shift, and go to state 4
    TRUE                shift, and go to state 5
    FALSE               shift, and go to state 6
    NUMBER              shift, and go to state 12
    SINGLEQUOTEDSTRING  shift, and go to state 13
    DOUBLEQUOTEDSTRING  shift, and go to state 14
    ID                  shift, and go to state 15
    MINUS               shift, and go to state 16
    NOT                 shift, and go to state 17
    DOLLAR              shift, and go to state 18
    OPENPAREN           shift, and go to state 19

    identifierText       go to state 20
    identifier           go to state 43
    multiplyExpression   go to state 23
    expression           go to state 98
    booleanExpression    go to state 25
    functionCall         go to state 29
    structInstantiation  go to state 31
    stringLiteral        go to state 32
    ternary              go to state 33


State 67

   69 statement: expression SEMICOLON .

    $default  reduce using rule 69 (statement)


State 68

   61 ternary: booleanExpression QUESTION . expression COLON expression

    SELF                shift, and go to state 4
    TRUE                shift, and go to state 5
    FALSE               shift, and go to state 6
    NUMBER              shift, and go to state 12
    SINGLEQUOTEDSTRING  shift, and go to state 13
    DOUBLEQUOTEDSTRING  shift, and go to state 14
    ID                  shift, and go to state 15
    MINUS               shift, and go to state 16
    NOT                 shift, and go to state 17
    DOLLAR              shift, and go to state 18
    OPENPAREN           shift, and go to state 19

    identifierText       go to state 20
    identifier           go to state 43
    multiplyExpression   go to state 23
    expression           go to state 99
    booleanExpression    go to state 25
    functionCall         go to state 29
    structInstantiation  go to state 31
    stringLiteral        go to state 32
    ternary              go to state 33


State 69

   41 variableDefinition: type ID . ASSIGN expression SEMICOLON
   44 functionDeclaration: type ID . OPENPAREN CLOSEPAREN OPENCURLY body CLOSECURLY
   45                    | type ID . OPENPAREN CLOSEPAREN OPENCURLY CLOSECURLY
   46                    | type ID . OPENPAREN argList CLOSEPAREN OPENCURLY body CLOSECURLY
   47                    | type ID . OPENPAREN argList CLOSEPAREN OPENCURLY CLOSECURLY

    ASSIGN     shift, and go to state 100
    OPENPAREN  shift, and go to state 101


State 70

   73 body: statement body .

    $default  reduce using rule 73 (body)


State 71

    0 $accept: program $end .

    $default  accept


State 72

    5 imports: IMPORT stringLiteral AS . ID SEMICOLON
    6        | IMPORT stringLiteral AS . ID SEMICOLON imports

    ID  shift, and go to state 102


State 73

   62 namespaceDeclaration: NAMESPACE identifier OPENCURLY . body CLOSECURLY
   63                     | NAMESPACE identifier OPENCURLY . CLOSECURLY

    NAMESPACE           shift, and go to state 2
    STRUCT              shift, and go to state 3
    SELF                shift, and go to state 4
    TRUE                shift, and go to state 5
    FALSE               shift, and go to state 6
    TEXT                shift, and go to state 7
    LOGICAL             shift, and go to state 8
    NUMBERTOKEN         shift, and go to state 9
    VOID                shift, and go to state 10
    RETURN              shift, and go to state 11
    NUMBER              shift, and go to state 12
    SINGLEQUOTEDSTRING  shift, and go to state 13
    DOUBLEQUOTEDSTRING  shift, and go to state 14
    ID                  shift, and go to state 15
    MINUS               shift, and go to state 16
    NOT                 shift, and go to state 17
    DOLLAR              shift, and go to state 18
    OPENPAREN           shift, and go to state 19
    CLOSECURLY          shift, and go to state 103

    identifierText        go to state 20
    identifier            go to state 21
    multiplyExpression    go to state 23
    expression            go to state 24
    booleanExpression     go to state 25
    type                  go to state 26
    variableDefinition    go to state 27
    functionDeclaration   go to state 28
    functionCall          go to state 29
    structDeclaration     go to state 30
    structInstantiation   go to state 31
    stringLiteral         go to state 32
    ternary               go to state 33
    namespaceDeclaration  go to state 34
    return                go to state 35
    statement             go to state 36
    body                  go to state 104


State 74

   56 structDeclaration: STRUCT ID OPENCURLY . variableDeclarationList CLOSECURLY
   57                  | STRUCT ID OPENCURLY . CLOSECURLY

    SELF         shift, and go to state 4
    TEXT         shift, and go to state 7
    LOGICAL      shift, and go to state 8
    NUMBERTOKEN  shift, and go to state 9
    VOID         shift, and go to state 10
    ID           shift, and go to state 15
    CLOSECURLY   shift, and go to state 105

    identifierText           go to state 20
    identifier               go to state 106
    type                     go to state 107
    variableDeclaration      go to state 108
    variableDeclarationList  go to state 109


State 75

   65 return: RETURN expression SEMICOLON .

    $default  reduce using rule 65 (return)


State 76

    2 identifierText: ID DOT identifierText .

    $default  reduce using rule 2 (identifierText)


State 77

   52 functionCall: DOLLAR identifier OPENPAREN . CLOSEPAREN
   53             | DOLLAR identifier OPENPAREN . exprList CLOSEPAREN

    SELF                shift, and go to state 4
    TRUE                shift, and go to state 5
    FALSE               shift, and go to state 6
    NUMBER              shift, and go to state 12
    SINGLEQUOTEDSTRING  shift, and go to state 13
    DOUBLEQUOTEDSTRING  shift, and go to state 14
    ID                  shift, and go to state 15
    MINUS               shift, and go to state 16
    NOT                 shift, and go to state 17
    DOLLAR              shift, and go to state 18
    OPENPAREN           shift, and go to state 19
    CLOSEPAREN          shift, and go to state 110

    identifierText       go to state 20
    identifier           go to state 43
    multiplyExpression   go to state 23
    expression           go to state 82
    booleanExpression    go to state 25
    exprList             go to state 111
    functionCall         go to state 29
    structInstantiation  go to state 31
    stringLiteral        go to state 32
    ternary              go to state 33


State 78

   10 multiplyExpression: OPENPAREN multiplyExpression CLOSEPAREN .

    $default  reduce using rule 10 (multiplyExpression)


State 79

   21 expression: OPENPAREN expression CLOSEPAREN .

    $default  reduce using rule 21 (expression)


State 80

   25 booleanExpression: OPENPAREN booleanExpression CLOSEPAREN .

    $default  reduce using rule 25 (booleanExpression)


State 81

   50 functionCall: identifier OPENPAREN CLOSEPAREN .

    $default  reduce using rule 50 (functionCall)


State 82

   14 expression: expression . PLUS expression
   15           | expression . MINUS expression
   26 booleanExpression: expression . EQ expression
   27                  | expression . NEQ expression
   28                  | expression . LT expression
   29                  | expression . GT expression
   30                  | expression . LE expression
   31                  | expression . GE expression
   33                  | expression . AND expression
   34                  | expression . OR expression
   48 exprList: expression .
   49         | expression . COMMA exprList

    PLUS   shift, and go to state 57
    MINUS  shift, and go to state 58
    EQ     shift, and go to state 59
    NEQ    shift, and go to state 60
    LT     shift, and go to state 61
    GT     shift, and go to state 62
    LE     shift, and go to state 63
    GE     shift, and go to state 64
    AND    shift, and go to state 65
    OR     shift, and go to state 66
    COMMA  shift, and go to state 112

    $default  reduce using rule 48 (exprList)


State 83

   51 functionCall: identifier OPENPAREN exprList . CLOSEPAREN

    CLOSEPAREN  shift, and go to state 113


State 84

   58 structInstantiation: identifier OPENCURLY exprList . CLOSECURLY

    CLOSECURLY  shift, and go to state 114


State 85

   10 multiplyExpression: OPENPAREN . multiplyExpression CLOSEPAREN

    SELF       shift, and go to state 4
    NUMBER     shift, and go to state 12
    ID         shift, and go to state 15
    DOLLAR     shift, and go to state 18
    OPENPAREN  shift, and go to state 85

    identifierText      go to state 20
    identifier          go to state 86
    multiplyExpression  go to state 115
    functionCall        go to state 29


State 86

    8 multiplyExpression: identifier .
   50 functionCall: identifier . OPENPAREN CLOSEPAREN
   51             | identifier . OPENPAREN exprList CLOSEPAREN

    OPENPAREN  shift, and go to state 52

    $default  reduce using rule 8 (multiplyExpression)


State 87

   11 multiplyExpression: multiplyExpression . TIMES multiplyExpression
   11                   | multiplyExpression TIMES multiplyExpression .
   12                   | multiplyExpression . DIVIDE multiplyExpression

    TIMES   shift, and go to state 55
    DIVIDE  shift, and go to state 56

    TIMES     [reduce using rule 11 (multiplyExpression)]
    DIVIDE    [reduce using rule 11 (multiplyExpression)]
    $default  reduce using rule 11 (multiplyExpression)


State 88

   11 multiplyExpression: multiplyExpression . TIMES multiplyExpression
   12                   | multiplyExpression . DIVIDE multiplyExpression
   12                   | multiplyExpression DIVIDE multiplyExpression .

    TIMES   shift, and go to state 55
    DIVIDE  shift, and go to state 56

    TIMES     [reduce using rule 12 (multiplyExpression)]
    DIVIDE    [reduce using rule 12 (multiplyExpression)]
    $default  reduce using rule 12 (multiplyExpression)


State 89

   14 expression: expression . PLUS expression
   14           | expression PLUS expression .
   15           | expression . MINUS expression
   26 booleanExpression: expression . EQ expression
   27                  | expression . NEQ expression
   28                  | expression . LT expression
   29                  | expression . GT expression
   30                  | expression . LE expression
   31                  | expression . GE expression
   33                  | expression . AND expression
   34                  | expression . OR expression

    PLUS   shift, and go to state 57
    MINUS  shift, and go to state 58
    EQ     shift, and go to state 59
    NEQ    shift, and go to state 60
    LT     shift, and go to state 61
    GT     shift, and go to state 62
    LE     shift, and go to state 63
    GE     shift, and go to state 64
    AND    shift, and go to state 65
    OR     shift, and go to state 66

    PLUS      [reduce using rule 14 (expression)]
    MINUS     [reduce using rule 14 (expression)]
    EQ        [reduce using rule 14 (expression)]
    NEQ       [reduce using rule 14 (expression)]
    LT        [reduce using rule 14 (expression)]
    GT        [reduce using rule 14 (expression)]
    LE        [reduce using rule 14 (expression)]
    GE        [reduce using rule 14 (expression)]
    AND       [reduce using rule 14 (expression)]
    OR        [reduce using rule 14 (expression)]
    $default  reduce using rule 14 (expression)


State 90

   14 expression: expression . PLUS expression
   15           | expression . MINUS expression
   15           | expression MINUS expression .
   26 booleanExpression: expression . EQ expression
   27                  | expression . NEQ expression
   28                  | expression . LT expression
   29                  | expression . GT expression
   30                  | expression . LE expression
   31                  | expression . GE expression
   33                  | expression . AND expression
   34                  | expression . OR expression

    PLUS   shift, and go to state 57
    MINUS  shift, and go to state 58
    EQ     shift, and go to state 59
    NEQ    shift, and go to state 60
    LT     shift, and go to state 61
    GT     shift, and go to state 62
    LE     shift, and go to state 63
    GE     shift, and go to state 64
    AND    shift, and go to state 65
    OR     shift, and go to state 66

    PLUS      [reduce using rule 15 (expression)]
    MINUS     [reduce using rule 15 (expression)]
    EQ        [reduce using rule 15 (expression)]
    NEQ       [reduce using rule 15 (expression)]
    LT        [reduce using rule 15 (expression)]
    GT        [reduce using rule 15 (expression)]
    LE        [reduce using rule 15 (expression)]
    GE        [reduce using rule 15 (expression)]
    AND       [reduce using rule 15 (expression)]
    OR        [reduce using rule 15 (expression)]
    $default  reduce using rule 15 (expression)


State 91

   14 expression: expression . PLUS expression
   15           | expression . MINUS expression
   26 booleanExpression: expression . EQ expression
   26                  | expression EQ expression .
   27                  | expression . NEQ expression
   28                  | expression . LT expression
   29                  | expression . GT expression
   30                  | expression . LE expression
   31                  | expression . GE expression
   33                  | expression . AND expression
   34                  | expression . OR expression

    PLUS   shift, and go to state 57
    MINUS  shift, and go to state 58
    EQ     shift, and go to state 59
    NEQ    shift, and go to state 60
    LT     shift, and go to state 61
    GT     shift, and go to state 62
    LE     shift, and go to state 63
    GE     shift, and go to state 64
    AND    shift, and go to state 65
    OR     shift, and go to state 66

    PLUS      [reduce using rule 26 (booleanExpression)]
    MINUS     [reduce using rule 26 (booleanExpression)]
    EQ        [reduce using rule 26 (booleanExpression)]
    NEQ       [reduce using rule 26 (booleanExpression)]
    LT        [reduce using rule 26 (booleanExpression)]
    GT        [reduce using rule 26 (booleanExpression)]
    LE        [reduce using rule 26 (booleanExpression)]
    GE        [reduce using rule 26 (booleanExpression)]
    AND       [reduce using rule 26 (booleanExpression)]
    OR        [reduce using rule 26 (booleanExpression)]
    $default  reduce using rule 26 (booleanExpression)


State 92

   14 expression: expression . PLUS expression
   15           | expression . MINUS expression
   26 booleanExpression: expression . EQ expression
   27                  | expression . NEQ expression
   27                  | expression NEQ expression .
   28                  | expression . LT expression
   29                  | expression . GT expression
   30                  | expression . LE expression
   31                  | expression . GE expression
   33                  | expression . AND expression
   34                  | expression . OR expression

    PLUS   shift, and go to state 57
    MINUS  shift, and go to state 58
    EQ     shift, and go to state 59
    NEQ    shift, and go to state 60
    LT     shift, and go to state 61
    GT     shift, and go to state 62
    LE     shift, and go to state 63
    GE     shift, and go to state 64
    AND    shift, and go to state 65
    OR     shift, and go to state 66

    PLUS      [reduce using rule 27 (booleanExpression)]
    MINUS     [reduce using rule 27 (booleanExpression)]
    EQ        [reduce using rule 27 (booleanExpression)]
    NEQ       [reduce using rule 27 (booleanExpression)]
    LT        [reduce using rule 27 (booleanExpression)]
    GT        [reduce using rule 27 (booleanExpression)]
    LE        [reduce using rule 27 (booleanExpression)]
    GE        [reduce using rule 27 (booleanExpression)]
    AND       [reduce using rule 27 (booleanExpression)]
    OR        [reduce using rule 27 (booleanExpression)]
    $default  reduce using rule 27 (booleanExpression)


State 93

   14 expression: expression . PLUS expression
   15           | expression . MINUS expression
   26 booleanExpression: expression . EQ expression
   27                  | expression . NEQ expression
   28                  | expression . LT expression
   28                  | expression LT expression .
   29                  | expression . GT expression
   30                  | expression . LE expression
   31                  | expression . GE expression
   33                  | expression . AND expression
   34                  | expression . OR expression

    PLUS   shift, and go to state 57
    MINUS  shift, and go to state 58
    EQ     shift, and go to state 59
    NEQ    shift, and go to state 60
    LT     shift, and go to state 61
    GT     shift, and go to state 62
    LE     shift, and go to state 63
    GE     shift, and go to state 64
    AND    shift, and go to state 65
    OR     shift, and go to state 66

    PLUS      [reduce using rule 28 (booleanExpression)]
    MINUS     [reduce using rule 28 (booleanExpression)]
    EQ        [reduce using rule 28 (booleanExpression)]
    NEQ       [reduce using rule 28 (booleanExpression)]
    LT        [reduce using rule 28 (booleanExpression)]
    GT        [reduce using rule 28 (booleanExpression)]
    LE        [reduce using rule 28 (booleanExpression)]
    GE        [reduce using rule 28 (booleanExpression)]
    AND       [reduce using rule 28 (booleanExpression)]
    OR        [reduce using rule 28 (booleanExpression)]
    $default  reduce using rule 28 (booleanExpression)


State 94

   14 expression: expression . PLUS expression
   15           | expression . MINUS expression
   26 booleanExpression: expression . EQ expression
   27                  | expression . NEQ expression
   28                  | expression . LT expression
   29                  | expression . GT expression
   29                  | expression GT expression .
   30                  | expression . LE expression
   31                  | expression . GE expression
   33                  | expression . AND expression
   34                  | expression . OR expression

    PLUS   shift, and go to state 57
    MINUS  shift, and go to state 58
    EQ     shift, and go to state 59
    NEQ    shift, and go to state 60
    LT     shift, and go to state 61
    GT     shift, and go to state 62
    LE     shift, and go to state 63
    GE     shift, and go to state 64
    AND    shift, and go to state 65
    OR     shift, and go to state 66

    PLUS      [reduce using rule 29 (booleanExpression)]
    MINUS     [reduce using rule 29 (booleanExpression)]
    EQ        [reduce using rule 29 (booleanExpression)]
    NEQ       [reduce using rule 29 (booleanExpression)]
    LT        [reduce using rule 29 (booleanExpression)]
    GT        [reduce using rule 29 (booleanExpression)]
    LE        [reduce using rule 29 (booleanExpression)]
    GE        [reduce using rule 29 (booleanExpression)]
    AND       [reduce using rule 29 (booleanExpression)]
    OR        [reduce using rule 29 (booleanExpression)]
    $default  reduce using rule 29 (booleanExpression)


State 95

   14 expression: expression . PLUS expression
   15           | expression . MINUS expression
   26 booleanExpression: expression . EQ expression
   27                  | expression . NEQ expression
   28                  | expression . LT expression
   29                  | expression . GT expression
   30                  | expression . LE expression
   30                  | expression LE expression .
   31                  | expression . GE expression
   33                  | expression . AND expression
   34                  | expression . OR expression

    PLUS   shift, and go to state 57
    MINUS  shift, and go to state 58
    EQ     shift, and go to state 59
    NEQ    shift, and go to state 60
    LT     shift, and go to state 61
    GT     shift, and go to state 62
    LE     shift, and go to state 63
    GE     shift, and go to state 64
    AND    shift, and go to state 65
    OR     shift, and go to state 66

    PLUS      [reduce using rule 30 (booleanExpression)]
    MINUS     [reduce using rule 30 (booleanExpression)]
    EQ        [reduce using rule 30 (booleanExpression)]
    NEQ       [reduce using rule 30 (booleanExpression)]
    LT        [reduce using rule 30 (booleanExpression)]
    GT        [reduce using rule 30 (booleanExpression)]
    LE        [reduce using rule 30 (booleanExpression)]
    GE        [reduce using rule 30 (booleanExpression)]
    AND       [reduce using rule 30 (booleanExpression)]
    OR        [reduce using rule 30 (booleanExpression)]
    $default  reduce using rule 30 (booleanExpression)


State 96

   14 expression: expression . PLUS expression
   15           | expression . MINUS expression
   26 booleanExpression: expression . EQ expression
   27                  | expression . NEQ expression
   28                  | expression . LT expression
   29                  | expression . GT expression
   30                  | expression . LE expression
   31                  | expression . GE expression
   31                  | expression GE expression .
   33                  | expression . AND expression
   34                  | expression . OR expression

    PLUS   shift, and go to state 57
    MINUS  shift, and go to state 58
    EQ     shift, and go to state 59
    NEQ    shift, and go to state 60
    LT     shift, and go to state 61
    GT     shift, and go to state 62
    LE     shift, and go to state 63
    GE     shift, and go to state 64
    AND    shift, and go to state 65
    OR     shift, and go to state 66

    PLUS      [reduce using rule 31 (booleanExpression)]
    MINUS     [reduce using rule 31 (booleanExpression)]
    EQ        [reduce using rule 31 (booleanExpression)]
    NEQ       [reduce using rule 31 (booleanExpression)]
    LT        [reduce using rule 31 (booleanExpression)]
    GT        [reduce using rule 31 (booleanExpression)]
    LE        [reduce using rule 31 (booleanExpression)]
    GE        [reduce using rule 31 (booleanExpression)]
    AND       [reduce using rule 31 (booleanExpression)]
    OR        [reduce using rule 31 (booleanExpression)]
    $default  reduce using rule 31 (booleanExpression)


State 97

   14 expression: expression . PLUS expression
   15           | expression . MINUS expression
   26 booleanExpression: expression . EQ expression
   27                  | expression . NEQ expression
   28                  | expression . LT expression
   29                  | expression . GT expression
   30                  | expression . LE expression
   31                  | expression . GE expression
   33                  | expression . AND expression
   33                  | expression AND expression .
   34                  | expression . OR expression

    PLUS   shift, and go to state 57
    MINUS  shift, and go to state 58
    EQ     shift, and go to state 59
    NEQ    shift, and go to state 60
    LT     shift, and go to state 61
    GT     shift, and go to state 62
    LE     shift, and go to state 63
    GE     shift, and go to state 64
    AND    shift, and go to state 65
    OR     shift, and go to state 66

    PLUS      [reduce using rule 33 (booleanExpression)]
    MINUS     [reduce using rule 33 (booleanExpression)]
    EQ        [reduce using rule 33 (booleanExpression)]
    NEQ       [reduce using rule 33 (booleanExpression)]
    LT        [reduce using rule 33 (booleanExpression)]
    GT        [reduce using rule 33 (booleanExpression)]
    LE        [reduce using rule 33 (booleanExpression)]
    GE        [reduce using rule 33 (booleanExpression)]
    AND       [reduce using rule 33 (booleanExpression)]
    OR        [reduce using rule 33 (booleanExpression)]
    $default  reduce using rule 33 (booleanExpression)


State 98

   14 expression: expression . PLUS expression
   15           | expression . MINUS expression
   26 booleanExpression: expression . EQ expression
   27                  | expression . NEQ expression
   28                  | expression . LT expression
   29                  | expression . GT expression
   30                  | expression . LE expression
   31                  | expression . GE expression
   33                  | expression . AND expression
   34                  | expression . OR expression
   34                  | expression OR expression .

    PLUS   shift, and go to state 57
    MINUS  shift, and go to state 58
    EQ     shift, and go to state 59
    NEQ    shift, and go to state 60
    LT     shift, and go to state 61
    GT     shift, and go to state 62
    LE     shift, and go to state 63
    GE     shift, and go to state 64
    AND    shift, and go to state 65
    OR     shift, and go to state 66

    PLUS      [reduce using rule 34 (booleanExpression)]
    MINUS     [reduce using rule 34 (booleanExpression)]
    EQ        [reduce using rule 34 (booleanExpression)]
    NEQ       [reduce using rule 34 (booleanExpression)]
    LT        [reduce using rule 34 (booleanExpression)]
    GT        [reduce using rule 34 (booleanExpression)]
    LE        [reduce using rule 34 (booleanExpression)]
    GE        [reduce using rule 34 (booleanExpression)]
    AND       [reduce using rule 34 (booleanExpression)]
    OR        [reduce using rule 34 (booleanExpression)]
    $default  reduce using rule 34 (booleanExpression)


State 99

   14 expression: expression . PLUS expression
   15           | expression . MINUS expression
   26 booleanExpression: expression . EQ expression
   27                  | expression . NEQ expression
   28                  | expression . LT expression
   29                  | expression . GT expression
   30                  | expression . LE expression
   31                  | expression . GE expression
   33                  | expression . AND expression
   34                  | expression . OR expression
   61 ternary: booleanExpression QUESTION expression . COLON expression

    PLUS   shift, and go to state 57
    MINUS  shift, and go to state 58
    EQ     shift, and go to state 59
    NEQ    shift, and go to state 60
    LT     shift, and go to state 61
    GT     shift, and go to state 62
    LE     shift, and go to state 63
    GE     shift, and go to state 64
    AND    shift, and go to state 65
    OR     shift, and go to state 66
    COLON  shift, and go to state 116


State 100

   41 variableDefinition: type ID ASSIGN . expression SEMICOLON

    SELF                shift, and go to state 4
    TRUE                shift, and go to state 5
    FALSE               shift, and go to state 6
    NUMBER              shift, and go to state 12
    SINGLEQUOTEDSTRING  shift, and go to state 13
    DOUBLEQUOTEDSTRING  shift, and go to state 14
    ID                  shift, and go to state 15
    MINUS               shift, and go to state 16
    NOT                 shift, and go to state 17
    DOLLAR              shift, and go to state 18
    OPENPAREN           shift, and go to state 19

    identifierText       go to state 20
    identifier           go to state 43
    multiplyExpression   go to state 23
    expression           go to state 117
    booleanExpression    go to state 25
    functionCall         go to state 29
    structInstantiation  go to state 31
    stringLiteral        go to state 32
    ternary              go to state 33


State 101

   44 functionDeclaration: type ID OPENPAREN . CLOSEPAREN OPENCURLY body CLOSECURLY
   45                    | type ID OPENPAREN . CLOSEPAREN OPENCURLY CLOSECURLY
   46                    | type ID OPENPAREN . argList CLOSEPAREN OPENCURLY body CLOSECURLY
   47                    | type ID OPENPAREN . argList CLOSEPAREN OPENCURLY CLOSECURLY

    SELF         shift, and go to state 4
    TEXT         shift, and go to state 7
    LOGICAL      shift, and go to state 8
    NUMBERTOKEN  shift, and go to state 9
    VOID         shift, and go to state 10
    ID           shift, and go to state 15
    CLOSEPAREN   shift, and go to state 118

    identifierText  go to state 20
    identifier      go to state 106
    type            go to state 119
    argList         go to state 120


State 102

    5 imports: IMPORT stringLiteral AS ID . SEMICOLON
    6        | IMPORT stringLiteral AS ID . SEMICOLON imports

    SEMICOLON  shift, and go to state 121


State 103

   63 namespaceDeclaration: NAMESPACE identifier OPENCURLY CLOSECURLY .

    $default  reduce using rule 63 (namespaceDeclaration)


State 104

   62 namespaceDeclaration: NAMESPACE identifier OPENCURLY body . CLOSECURLY

    CLOSECURLY  shift, and go to state 122


State 105

   57 structDeclaration: STRUCT ID OPENCURLY CLOSECURLY .

    $default  reduce using rule 57 (structDeclaration)


State 106

   39 type: identifier .

    $default  reduce using rule 39 (type)


State 107

   40 variableDeclaration: type . ID SEMICOLON

    ID  shift, and go to state 123


State 108

   54 variableDeclarationList: variableDeclaration .
   55                        | variableDeclaration . variableDeclarationList

    SELF         shift, and go to state 4
    TEXT         shift, and go to state 7
    LOGICAL      shift, and go to state 8
    NUMBERTOKEN  shift, and go to state 9
    VOID         shift, and go to state 10
    ID           shift, and go to state 15

    $default  reduce using rule 54 (variableDeclarationList)

    identifierText           go to state 20
    identifier               go to state 106
    type                     go to state 107
    variableDeclaration      go to state 108
    variableDeclarationList  go to state 124


State 109

   56 structDeclaration: STRUCT ID OPENCURLY variableDeclarationList . CLOSECURLY

    CLOSECURLY  shift, and go to state 125


State 110

   52 functionCall: DOLLAR identifier OPENPAREN CLOSEPAREN .

    $default  reduce using rule 52 (functionCall)


State 111

   53 functionCall: DOLLAR identifier OPENPAREN exprList . CLOSEPAREN

    CLOSEPAREN  shift, and go to state 126


State 112

   49 exprList: expression COMMA . exprList

    SELF                shift, and go to state 4
    TRUE                shift, and go to state 5
    FALSE               shift, and go to state 6
    NUMBER              shift, and go to state 12
    SINGLEQUOTEDSTRING  shift, and go to state 13
    DOUBLEQUOTEDSTRING  shift, and go to state 14
    ID                  shift, and go to state 15
    MINUS               shift, and go to state 16
    NOT                 shift, and go to state 17
    DOLLAR              shift, and go to state 18
    OPENPAREN           shift, and go to state 19

    identifierText       go to state 20
    identifier           go to state 43
    multiplyExpression   go to state 23
    expression           go to state 82
    booleanExpression    go to state 25
    exprList             go to state 127
    functionCall         go to state 29
    structInstantiation  go to state 31
    stringLiteral        go to state 32
    ternary              go to state 33


State 113

   51 functionCall: identifier OPENPAREN exprList CLOSEPAREN .

    $default  reduce using rule 51 (functionCall)


State 114

   58 structInstantiation: identifier OPENCURLY exprList CLOSECURLY .

    $default  reduce using rule 58 (structInstantiation)


State 115

   10 multiplyExpression: OPENPAREN multiplyExpression . CLOSEPAREN
   11                   | multiplyExpression . TIMES multiplyExpression
   12                   | multiplyExpression . DIVIDE multiplyExpression

    TIMES       shift, and go to state 55
    DIVIDE      shift, and go to state 56
    CLOSEPAREN  shift, and go to state 78


State 116

   61 ternary: booleanExpression QUESTION expression COLON . expression

    SELF                shift, and go to state 4
    TRUE                shift, and go to state 5
    FALSE               shift, and go to state 6
    NUMBER              shift, and go to state 12
    SINGLEQUOTEDSTRING  shift, and go to state 13
    DOUBLEQUOTEDSTRING  shift, and go to state 14
    ID                  shift, and go to state 15
    MINUS               shift, and go to state 16
    NOT                 shift, and go to state 17
    DOLLAR              shift, and go to state 18
    OPENPAREN           shift, and go to state 19

    identifierText       go to state 20
    identifier           go to state 43
    multiplyExpression   go to state 23
    expression           go to state 128
    booleanExpression    go to state 25
    functionCall         go to state 29
    structInstantiation  go to state 31
    stringLiteral        go to state 32
    ternary              go to state 33


State 117

   14 expression: expression . PLUS expression
   15           | expression . MINUS expression
   26 booleanExpression: expression . EQ expression
   27                  | expression . NEQ expression
   28                  | expression . LT expression
   29                  | expression . GT expression
   30                  | expression . LE expression
   31                  | expression . GE expression
   33                  | expression . AND expression
   34                  | expression . OR expression
   41 variableDefinition: type ID ASSIGN expression . SEMICOLON

    PLUS       shift, and go to state 57
    MINUS      shift, and go to state 58
    EQ         shift, and go to state 59
    NEQ        shift, and go to state 60
    LT         shift, and go to state 61
    GT         shift, and go to state 62
    LE         shift, and go to state 63
    GE         shift, and go to state 64
    AND        shift, and go to state 65
    OR         shift, and go to state 66
    SEMICOLON  shift, and go to state 129


State 118

   44 functionDeclaration: type ID OPENPAREN CLOSEPAREN . OPENCURLY body CLOSECURLY
   45                    | type ID OPENPAREN CLOSEPAREN . OPENCURLY CLOSECURLY

    OPENCURLY  shift, and go to state 130


State 119

   42 argList: type . ID
   43        | type . ID COMMA argList

    ID  shift, and go to state 131


State 120

   46 functionDeclaration: type ID OPENPAREN argList . CLOSEPAREN OPENCURLY body CLOSECURLY
   47                    | type ID OPENPAREN argList . CLOSEPAREN OPENCURLY CLOSECURLY

    CLOSEPAREN  shift, and go to state 132


State 121

    5 imports: IMPORT stringLiteral AS ID SEMICOLON .
    6        | IMPORT stringLiteral AS ID SEMICOLON . imports

    IMPORT  shift, and go to state 1

    $default  reduce using rule 5 (imports)

    imports  go to state 133


State 122

   62 namespaceDeclaration: NAMESPACE identifier OPENCURLY body CLOSECURLY .

    $default  reduce using rule 62 (namespaceDeclaration)


State 123

   40 variableDeclaration: type ID . SEMICOLON

    SEMICOLON  shift, and go to state 134


State 124

   55 variableDeclarationList: variableDeclaration variableDeclarationList .

    $default  reduce using rule 55 (variableDeclarationList)


State 125

   56 structDeclaration: STRUCT ID OPENCURLY variableDeclarationList CLOSECURLY .

    $default  reduce using rule 56 (structDeclaration)


State 126

   53 functionCall: DOLLAR identifier OPENPAREN exprList CLOSEPAREN .

    $default  reduce using rule 53 (functionCall)


State 127

   49 exprList: expression COMMA exprList .

    $default  reduce using rule 49 (exprList)


State 128

   14 expression: expression . PLUS expression
   15           | expression . MINUS expression
   26 booleanExpression: expression . EQ expression
   27                  | expression . NEQ expression
   28                  | expression . LT expression
   29                  | expression . GT expression
   30                  | expression . LE expression
   31                  | expression . GE expression
   33                  | expression . AND expression
   34                  | expression . OR expression
   61 ternary: booleanExpression QUESTION expression COLON expression .

    PLUS   shift, and go to state 57
    MINUS  shift, and go to state 58
    EQ     shift, and go to state 59
    NEQ    shift, and go to state 60
    LT     shift, and go to state 61
    GT     shift, and go to state 62
    LE     shift, and go to state 63
    GE     shift, and go to state 64
    AND    shift, and go to state 65
    OR     shift, and go to state 66

    PLUS      [reduce using rule 61 (ternary)]
    MINUS     [reduce using rule 61 (ternary)]
    EQ        [reduce using rule 61 (ternary)]
    NEQ       [reduce using rule 61 (ternary)]
    LT        [reduce using rule 61 (ternary)]
    GT        [reduce using rule 61 (ternary)]
    LE        [reduce using rule 61 (ternary)]
    GE        [reduce using rule 61 (ternary)]
    AND       [reduce using rule 61 (ternary)]
    OR        [reduce using rule 61 (ternary)]
    $default  reduce using rule 61 (ternary)


State 129

   41 variableDefinition: type ID ASSIGN expression SEMICOLON .

    $default  reduce using rule 41 (variableDefinition)


State 130

   44 functionDeclaration: type ID OPENPAREN CLOSEPAREN OPENCURLY . body CLOSECURLY
   45                    | type ID OPENPAREN CLOSEPAREN OPENCURLY . CLOSECURLY

    NAMESPACE           shift, and go to state 2
    STRUCT              shift, and go to state 3
    SELF                shift, and go to state 4
    TRUE                shift, and go to state 5
    FALSE               shift, and go to state 6
    TEXT                shift, and go to state 7
    LOGICAL             shift, and go to state 8
    NUMBERTOKEN         shift, and go to state 9
    VOID                shift, and go to state 10
    RETURN              shift, and go to state 11
    NUMBER              shift, and go to state 12
    SINGLEQUOTEDSTRING  shift, and go to state 13
    DOUBLEQUOTEDSTRING  shift, and go to state 14
    ID                  shift, and go to state 15
    MINUS               shift, and go to state 16
    NOT                 shift, and go to state 17
    DOLLAR              shift, and go to state 18
    OPENPAREN           shift, and go to state 19
    CLOSECURLY          shift, and go to state 135

    identifierText        go to state 20
    identifier            go to state 21
    multiplyExpression    go to state 23
    expression            go to state 24
    booleanExpression     go to state 25
    type                  go to state 26
    variableDefinition    go to state 27
    functionDeclaration   go to state 28
    functionCall          go to state 29
    structDeclaration     go to state 30
    structInstantiation   go to state 31
    stringLiteral         go to state 32
    ternary               go to state 33
    namespaceDeclaration  go to state 34
    return                go to state 35
    statement             go to state 36
    body                  go to state 136


State 131

   42 argList: type ID .
   43        | type ID . COMMA argList

    COMMA  shift, and go to state 137

    $default  reduce using rule 42 (argList)


State 132

   46 functionDeclaration: type ID OPENPAREN argList CLOSEPAREN . OPENCURLY body CLOSECURLY
   47                    | type ID OPENPAREN argList CLOSEPAREN . OPENCURLY CLOSECURLY

    OPENCURLY  shift, and go to state 138


State 133

    6 imports: IMPORT stringLiteral AS ID SEMICOLON imports .

    $default  reduce using rule 6 (imports)


State 134

   40 variableDeclaration: type ID SEMICOLON .

    $default  reduce using rule 40 (variableDeclaration)


State 135

   45 functionDeclaration: type ID OPENPAREN CLOSEPAREN OPENCURLY CLOSECURLY .

    $default  reduce using rule 45 (functionDeclaration)


State 136

   44 functionDeclaration: type ID OPENPAREN CLOSEPAREN OPENCURLY body . CLOSECURLY

    CLOSECURLY  shift, and go to state 139


State 137

   43 argList: type ID COMMA . argList

    SELF         shift, and go to state 4
    TEXT         shift, and go to state 7
    LOGICAL      shift, and go to state 8
    NUMBERTOKEN  shift, and go to state 9
    VOID         shift, and go to state 10
    ID           shift, and go to state 15

    identifierText  go to state 20
    identifier      go to state 106
    type            go to state 119
    argList         go to state 140


State 138

   46 functionDeclaration: type ID OPENPAREN argList CLOSEPAREN OPENCURLY . body CLOSECURLY
   47                    | type ID OPENPAREN argList CLOSEPAREN OPENCURLY . CLOSECURLY

    NAMESPACE           shift, and go to state 2
    STRUCT              shift, and go to state 3
    SELF                shift, and go to state 4
    TRUE                shift, and go to state 5
    FALSE               shift, and go to state 6
    TEXT                shift, and go to state 7
    LOGICAL             shift, and go to state 8
    NUMBERTOKEN         shift, and go to state 9
    VOID                shift, and go to state 10
    RETURN              shift, and go to state 11
    NUMBER              shift, and go to state 12
    SINGLEQUOTEDSTRING  shift, and go to state 13
    DOUBLEQUOTEDSTRING  shift, and go to state 14
    ID                  shift, and go to state 15
    MINUS               shift, and go to state 16
    NOT                 shift, and go to state 17
    DOLLAR              shift, and go to state 18
    OPENPAREN           shift, and go to state 19
    CLOSECURLY          shift, and go to state 141

    identifierText        go to state 20
    identifier            go to state 21
    multiplyExpression    go to state 23
    expression            go to state 24
    booleanExpression     go to state 25
    type                  go to state 26
    variableDefinition    go to state 27
    functionDeclaration   go to state 28
    functionCall          go to state 29
    structDeclaration     go to state 30
    structInstantiation   go to state 31
    stringLiteral         go to state 32
    ternary               go to state 33
    namespaceDeclaration  go to state 34
    return                go to state 35
    statement             go to state 36
    body                  go to state 142


State 139

   44 functionDeclaration: type ID OPENPAREN CLOSEPAREN OPENCURLY body CLOSECURLY .

    $default  reduce using rule 44 (functionDeclaration)


State 140

   43 argList: type ID COMMA argList .

    $default  reduce using rule 43 (argList)


State 141

   47 functionDeclaration: type ID OPENPAREN argList CLOSEPAREN OPENCURLY CLOSECURLY .

    $default  reduce using rule 47 (functionDeclaration)


State 142

   46 functionDeclaration: type ID OPENPAREN argList CLOSEPAREN OPENCURLY body . CLOSECURLY

    CLOSECURLY  shift, and go to state 143


State 143

   46 functionDeclaration: type ID OPENPAREN argList CLOSEPAREN OPENCURLY body CLOSECURLY .

    $default  reduce using rule 46 (functionDeclaration)
